mode: atomic
github.com/ricardoalcantara/min-idp/internal/audit/audit.controller.go:14.65,16.2 1 0
github.com/ricardoalcantara/min-idp/internal/audit/audit.controller.go:18.50,20.2 1 0
github.com/ricardoalcantara/min-idp/internal/audit/audit.routes.go:5.79,8.2 2 0
github.com/ricardoalcantara/min-idp/internal/audit/audit.service.go:19.76,21.2 1 2
github.com/ricardoalcantara/min-idp/internal/audit/audit.service.go:23.52,25.12 2 2
github.com/ricardoalcantara/min-idp/internal/audit/audit.service.go:25.12,26.43 1 2
github.com/ricardoalcantara/min-idp/internal/audit/audit.service.go:26.43,28.4 1 1
github.com/ricardoalcantara/min-idp/internal/audit/module.go:9.30,16.2 3 0
github.com/ricardoalcantara/min-idp/internal/audit/repositories/audit.repository.go:12.55,14.2 1 0
github.com/ricardoalcantara/min-idp/internal/audit/repositories/audit.repository.go:16.65,18.2 1 0
github.com/ricardoalcantara/min-idp/internal/audit/repositories/audit.repository.go:20.90,26.2 5 0
github.com/ricardoalcantara/min-idp/internal/authn/authn.controller.go:43.141,45.2 1 0
github.com/ricardoalcantara/min-idp/internal/authn/authn.controller.go:47.55,50.2 2 0
github.com/ricardoalcantara/min-idp/internal/authn/authn.controller.go:52.51,54.64 2 0
github.com/ricardoalcantara/min-idp/internal/authn/authn.controller.go:54.64,57.3 2 0
github.com/ricardoalcantara/min-idp/internal/authn/authn.controller.go:59.2,60.51 2 0
github.com/ricardoalcantara/min-idp/internal/authn/authn.controller.go:60.51,63.3 2 0
github.com/ricardoalcantara/min-idp/internal/authn/authn.controller.go:65.2,66.16 2 0
github.com/ricardoalcantara/min-idp/internal/authn/authn.controller.go:66.16,67.44 1 0
github.com/ricardoalcantara/min-idp/internal/authn/authn.controller.go:67.44,70.4 2 0
github.com/ricardoalcantara/min-idp/internal/authn/authn.controller.go:71.3,72.9 2 0
github.com/ricardoalcantara/min-idp/internal/authn/authn.controller.go:75.2,76.16 2 0
github.com/ricardoalcantara/min-idp/internal/authn/authn.controller.go:76.16,79.3 2 0
github.com/ricardoalcantara/min-idp/internal/authn/authn.controller.go:81.2,82.75 2 0
github.com/ricardoalcantara/min-idp/internal/authn/authn.controller.go:85.55,91.16 5 0
github.com/ricardoalcantara/min-idp/internal/authn/authn.controller.go:91.16,92.44 1 0
github.com/ricardoalcantara/min-idp/internal/authn/authn.controller.go:92.44,95.4 2 0
github.com/ricardoalcantara/min-idp/internal/authn/authn.controller.go:95.9,98.4 2 0
github.com/ricardoalcantara/min-idp/internal/authn/authn.controller.go:99.3,99.9 1 0
github.com/ricardoalcantara/min-idp/internal/authn/authn.controller.go:102.2,103.16 2 0
github.com/ricardoalcantara/min-idp/internal/authn/authn.controller.go:103.16,107.3 3 0
github.com/ricardoalcantara/min-idp/internal/authn/authn.controller.go:109.2,112.17 3 0
github.com/ricardoalcantara/min-idp/internal/authn/authn.controller.go:112.17,113.100 1 0
github.com/ricardoalcantara/min-idp/internal/authn/authn.controller.go:113.100,116.4 2 0
github.com/ricardoalcantara/min-idp/internal/authn/authn.controller.go:119.2,119.48 1 0
github.com/ricardoalcantara/min-idp/internal/authn/authn.controller.go:122.52,124.16 2 0
github.com/ricardoalcantara/min-idp/internal/authn/authn.controller.go:124.16,125.85 1 0
github.com/ricardoalcantara/min-idp/internal/authn/authn.controller.go:125.85,127.4 1 0
github.com/ricardoalcantara/min-idp/internal/authn/authn.controller.go:129.2,130.34 2 0
github.com/ricardoalcantara/min-idp/internal/authn/authn.controller.go:133.54,134.35 1 0
github.com/ricardoalcantara/min-idp/internal/authn/authn.controller.go:134.35,137.3 2 0
github.com/ricardoalcantara/min-idp/internal/authn/authn.controller.go:138.2,138.59 1 0
github.com/ricardoalcantara/min-idp/internal/authn/authn.routes.go:5.56,12.2 5 0
github.com/ricardoalcantara/min-idp/internal/authn/authn.service.go:20.61,22.2 1 4
github.com/ricardoalcantara/min-idp/internal/authn/authn.service.go:24.90,26.16 2 4
github.com/ricardoalcantara/min-idp/internal/authn/authn.service.go:26.16,27.95 1 3
github.com/ricardoalcantara/min-idp/internal/authn/authn.service.go:27.95,29.4 1 2
github.com/ricardoalcantara/min-idp/internal/authn/authn.service.go:30.3,30.18 1 1
github.com/ricardoalcantara/min-idp/internal/authn/authn.service.go:32.2,32.15 1 1
github.com/ricardoalcantara/min-idp/internal/authn/module.go:8.67,10.2 1 0
github.com/ricardoalcantara/min-idp/internal/authn/module.go:12.30,17.2 4 0
github.com/ricardoalcantara/min-idp/internal/crypto/aes.go:13.59,15.16 2 0
github.com/ricardoalcantara/min-idp/internal/crypto/aes.go:15.16,17.3 1 0
github.com/ricardoalcantara/min-idp/internal/crypto/aes.go:18.2,19.16 2 0
github.com/ricardoalcantara/min-idp/internal/crypto/aes.go:19.16,21.3 1 0
github.com/ricardoalcantara/min-idp/internal/crypto/aes.go:22.2,23.59 2 0
github.com/ricardoalcantara/min-idp/internal/crypto/aes.go:23.59,25.3 1 0
github.com/ricardoalcantara/min-idp/internal/crypto/aes.go:26.2,26.52 1 0
github.com/ricardoalcantara/min-idp/internal/crypto/aes.go:29.60,31.16 2 0
github.com/ricardoalcantara/min-idp/internal/crypto/aes.go:31.16,33.3 1 0
github.com/ricardoalcantara/min-idp/internal/crypto/aes.go:34.2,35.16 2 0
github.com/ricardoalcantara/min-idp/internal/crypto/aes.go:35.16,37.3 1 0
github.com/ricardoalcantara/min-idp/internal/crypto/aes.go:38.2,39.33 2 0
github.com/ricardoalcantara/min-idp/internal/crypto/aes.go:39.33,41.3 1 0
github.com/ricardoalcantara/min-idp/internal/crypto/aes.go:42.2,42.75 1 0
github.com/ricardoalcantara/min-idp/internal/crypto/aes.go:45.50,47.16 2 0
github.com/ricardoalcantara/min-idp/internal/crypto/aes.go:47.16,49.17 2 0
github.com/ricardoalcantara/min-idp/internal/crypto/aes.go:49.17,51.4 1 0
github.com/ricardoalcantara/min-idp/internal/crypto/aes.go:53.2,53.20 1 0
github.com/ricardoalcantara/min-idp/internal/crypto/aes.go:53.20,55.3 1 0
github.com/ricardoalcantara/min-idp/internal/crypto/aes.go:56.2,56.17 1 0
github.com/ricardoalcantara/min-idp/internal/crypto/hash.go:14.52,17.2 2 0
github.com/ricardoalcantara/min-idp/internal/crypto/hash.go:19.50,21.2 1 0
github.com/ricardoalcantara/min-idp/internal/crypto/hash.go:23.37,26.2 2 0
github.com/ricardoalcantara/min-idp/internal/crypto/hash.go:28.49,30.40 2 0
github.com/ricardoalcantara/min-idp/internal/crypto/hash.go:30.40,32.3 1 0
github.com/ricardoalcantara/min-idp/internal/crypto/hash.go:33.2,33.53 1 0
github.com/ricardoalcantara/min-idp/internal/crypto/jwk.go:26.65,32.2 1 0
github.com/ricardoalcantara/min-idp/internal/crypto/jwk.go:34.66,42.2 2 0
github.com/ricardoalcantara/min-idp/internal/crypto/jwk.go:44.41,45.20 1 0
github.com/ricardoalcantara/min-idp/internal/crypto/jwk.go:45.20,47.3 1 0
github.com/ricardoalcantara/min-idp/internal/crypto/jwk.go:48.2,50.15 3 0
github.com/ricardoalcantara/min-idp/internal/crypto/keys.go:14.56,16.2 1 0
github.com/ricardoalcantara/min-idp/internal/crypto/keys.go:18.69,20.2 1 0
github.com/ricardoalcantara/min-idp/internal/crypto/keys.go:22.66,24.16 2 0
github.com/ricardoalcantara/min-idp/internal/crypto/keys.go:24.16,26.3 1 0
github.com/ricardoalcantara/min-idp/internal/crypto/keys.go:27.2,27.77 1 0
github.com/ricardoalcantara/min-idp/internal/crypto/keys.go:30.69,32.18 2 0
github.com/ricardoalcantara/min-idp/internal/crypto/keys.go:32.18,34.3 1 0
github.com/ricardoalcantara/min-idp/internal/crypto/keys.go:35.2,35.47 1 0
github.com/ricardoalcantara/min-idp/internal/crypto/keys.go:38.64,40.16 2 0
github.com/ricardoalcantara/min-idp/internal/crypto/keys.go:40.16,42.3 1 0
github.com/ricardoalcantara/min-idp/internal/crypto/keys.go:43.2,43.76 1 0
github.com/ricardoalcantara/min-idp/internal/crypto/keys.go:46.67,48.18 2 0
github.com/ricardoalcantara/min-idp/internal/crypto/keys.go:48.18,50.3 1 0
github.com/ricardoalcantara/min-idp/internal/crypto/keys.go:51.2,51.45 1 0
github.com/ricardoalcantara/min-idp/internal/crypto/x509.go:14.130,16.16 2 0
github.com/ricardoalcantara/min-idp/internal/crypto/x509.go:16.16,18.3 1 0
github.com/ricardoalcantara/min-idp/internal/crypto/x509.go:19.2,29.9 3 0
github.com/ricardoalcantara/min-idp/internal/crypto/x509.go:29.9,31.3 1 0
github.com/ricardoalcantara/min-idp/internal/crypto/x509.go:32.2,33.16 2 0
github.com/ricardoalcantara/min-idp/internal/crypto/x509.go:33.16,35.3 1 0
github.com/ricardoalcantara/min-idp/internal/crypto/x509.go:36.2,37.16 2 0
github.com/ricardoalcantara/min-idp/internal/crypto/x509.go:37.16,39.3 1 0
github.com/ricardoalcantara/min-idp/internal/crypto/x509.go:40.2,40.83 1 0
github.com/ricardoalcantara/min-idp/internal/crypto/x509.go:43.63,45.18 2 0
github.com/ricardoalcantara/min-idp/internal/crypto/x509.go:45.18,47.3 1 0
github.com/ricardoalcantara/min-idp/internal/crypto/x509.go:48.2,48.43 1 0
github.com/ricardoalcantara/min-idp/internal/db/model.go:13.48,14.24 1 0
github.com/ricardoalcantara/min-idp/internal/db/model.go:14.24,16.3 1 0
github.com/ricardoalcantara/min-idp/internal/db/model.go:17.2,17.12 1 0
github.com/ricardoalcantara/min-idp/internal/config/config.go:28.29,30.39 2 0
github.com/ricardoalcantara/min-idp/internal/config/config.go:30.39,32.3 1 0
github.com/ricardoalcantara/min-idp/internal/config/config.go:33.2,33.17 1 0
github.com/ricardoalcantara/min-idp/internal/config/module.go:5.25,9.2 1 0
github.com/ricardoalcantara/min-idp/internal/bootstrap/bootstrap.service.go:41.30,43.16 2 0
github.com/ricardoalcantara/min-idp/internal/bootstrap/bootstrap.service.go:43.16,45.3 1 0
github.com/ricardoalcantara/min-idp/internal/bootstrap/bootstrap.service.go:46.2,53.8 1 0
github.com/ricardoalcantara/min-idp/internal/bootstrap/bootstrap.service.go:56.59,58.106 2 0
github.com/ricardoalcantara/min-idp/internal/bootstrap/bootstrap.service.go:58.106,61.3 2 0
github.com/ricardoalcantara/min-idp/internal/bootstrap/bootstrap.service.go:63.2,65.89 2 0
github.com/ricardoalcantara/min-idp/internal/bootstrap/bootstrap.service.go:65.89,67.3 1 0
github.com/ricardoalcantara/min-idp/internal/bootstrap/bootstrap.service.go:68.2,68.89 1 0
github.com/ricardoalcantara/min-idp/internal/bootstrap/bootstrap.service.go:68.89,70.3 1 0
github.com/ricardoalcantara/min-idp/internal/bootstrap/bootstrap.service.go:72.2,72.72 1 0
github.com/ricardoalcantara/min-idp/internal/bootstrap/bootstrap.service.go:72.72,74.17 2 0
github.com/ricardoalcantara/min-idp/internal/bootstrap/bootstrap.service.go:74.17,76.4 1 0
github.com/ricardoalcantara/min-idp/internal/bootstrap/bootstrap.service.go:77.3,78.17 2 0
github.com/ricardoalcantara/min-idp/internal/bootstrap/bootstrap.service.go:78.17,80.4 1 0
github.com/ricardoalcantara/min-idp/internal/bootstrap/bootstrap.service.go:81.3,81.76 1 0
github.com/ricardoalcantara/min-idp/internal/bootstrap/bootstrap.service.go:81.76,83.4 1 0
github.com/ricardoalcantara/min-idp/internal/bootstrap/bootstrap.service.go:86.2,87.16 2 0
github.com/ricardoalcantara/min-idp/internal/bootstrap/bootstrap.service.go:87.16,89.3 1 0
github.com/ricardoalcantara/min-idp/internal/bootstrap/bootstrap.service.go:91.2,93.16 3 0
github.com/ricardoalcantara/min-idp/internal/bootstrap/bootstrap.service.go:93.16,95.3 1 0
github.com/ricardoalcantara/min-idp/internal/bootstrap/bootstrap.service.go:97.2,97.64 1 0
github.com/ricardoalcantara/min-idp/internal/bootstrap/bootstrap.service.go:97.64,99.17 2 0
github.com/ricardoalcantara/min-idp/internal/bootstrap/bootstrap.service.go:99.17,101.4 1 0
github.com/ricardoalcantara/min-idp/internal/bootstrap/bootstrap.service.go:102.3,102.75 1 0
github.com/ricardoalcantara/min-idp/internal/bootstrap/bootstrap.service.go:102.75,104.4 1 0
github.com/ricardoalcantara/min-idp/internal/bootstrap/bootstrap.service.go:107.2,107.92 1 0
github.com/ricardoalcantara/min-idp/internal/bootstrap/bootstrap.service.go:107.92,109.3 1 0
github.com/ricardoalcantara/min-idp/internal/bootstrap/bootstrap.service.go:111.2,116.12 2 0
github.com/ricardoalcantara/min-idp/internal/bootstrap/bootstrap.service.go:119.100,122.19 2 0
github.com/ricardoalcantara/min-idp/internal/bootstrap/bootstrap.service.go:123.15,125.17 2 0
github.com/ricardoalcantara/min-idp/internal/bootstrap/bootstrap.service.go:125.17,127.4 1 0
github.com/ricardoalcantara/min-idp/internal/bootstrap/bootstrap.service.go:128.3,129.60 2 0
github.com/ricardoalcantara/min-idp/internal/bootstrap/bootstrap.service.go:130.15,132.17 2 0
github.com/ricardoalcantara/min-idp/internal/bootstrap/bootstrap.service.go:132.17,134.4 1 0
github.com/ricardoalcantara/min-idp/internal/bootstrap/bootstrap.service.go:135.3,137.49 3 0
github.com/ricardoalcantara/min-idp/internal/bootstrap/bootstrap.service.go:137.49,139.4 1 0
github.com/ricardoalcantara/min-idp/internal/bootstrap/bootstrap.service.go:142.2,143.16 2 0
github.com/ricardoalcantara/min-idp/internal/bootstrap/bootstrap.service.go:143.16,145.3 1 0
github.com/ricardoalcantara/min-idp/internal/bootstrap/bootstrap.service.go:147.2,157.4 2 0
github.com/ricardoalcantara/min-idp/internal/bootstrap/module.go:10.30,13.2 2 0
github.com/ricardoalcantara/min-idp/internal/bootstrap/module.go:15.58,17.44 1 0
github.com/ricardoalcantara/min-idp/internal/bootstrap/module.go:17.44,19.4 1 0
github.com/ricardoalcantara/min-idp/internal/kvstore/db_kvstore.go:20.78,24.42 3 0
github.com/ricardoalcantara/min-idp/internal/kvstore/db_kvstore.go:24.42,27.4 2 0
github.com/ricardoalcantara/min-idp/internal/kvstore/db_kvstore.go:28.41,31.4 2 0
github.com/ricardoalcantara/min-idp/internal/kvstore/db_kvstore.go:33.2,33.10 1 0
github.com/ricardoalcantara/min-idp/internal/kvstore/db_kvstore.go:36.97,38.13 2 0
github.com/ricardoalcantara/min-idp/internal/kvstore/db_kvstore.go:38.13,41.3 2 0
github.com/ricardoalcantara/min-idp/internal/kvstore/db_kvstore.go:42.2,45.90 1 0
github.com/ricardoalcantara/min-idp/internal/kvstore/db_kvstore.go:48.74,51.44 3 0
github.com/ricardoalcantara/min-idp/internal/kvstore/db_kvstore.go:51.44,53.3 1 0
github.com/ricardoalcantara/min-idp/internal/kvstore/db_kvstore.go:54.2,54.16 1 0
github.com/ricardoalcantara/min-idp/internal/kvstore/db_kvstore.go:54.16,56.3 1 0
github.com/ricardoalcantara/min-idp/internal/kvstore/db_kvstore.go:57.2,57.66 1 0
github.com/ricardoalcantara/min-idp/internal/kvstore/db_kvstore.go:57.66,60.3 2 0
github.com/ricardoalcantara/min-idp/internal/kvstore/db_kvstore.go:61.2,61.25 1 0
github.com/ricardoalcantara/min-idp/internal/kvstore/db_kvstore.go:64.67,66.2 1 0
github.com/ricardoalcantara/min-idp/internal/kvstore/db_kvstore.go:68.107,70.13 2 0
github.com/ricardoalcantara/min-idp/internal/kvstore/db_kvstore.go:70.13,73.3 2 0
github.com/ricardoalcantara/min-idp/internal/kvstore/db_kvstore.go:74.2,76.25 2 0
github.com/ricardoalcantara/min-idp/internal/kvstore/db_kvstore.go:76.25,78.3 1 0
github.com/ricardoalcantara/min-idp/internal/kvstore/db_kvstore.go:79.2,79.38 1 0
github.com/ricardoalcantara/min-idp/internal/kvstore/db_kvstore.go:82.50,85.6 3 0
github.com/ricardoalcantara/min-idp/internal/kvstore/db_kvstore.go:85.6,86.10 1 0
github.com/ricardoalcantara/min-idp/internal/kvstore/db_kvstore.go:87.21,88.10 1 0
github.com/ricardoalcantara/min-idp/internal/kvstore/db_kvstore.go:89.19,90.107 1 0
github.com/ricardoalcantara/min-idp/internal/kvstore/module.go:5.25,11.2 1 0
github.com/ricardoalcantara/min-idp/internal/keystore/keystore.controller.go:14.61,16.2 1 0
github.com/ricardoalcantara/min-idp/internal/keystore/keystore.controller.go:18.55,18.116 1 0
github.com/ricardoalcantara/min-idp/internal/keystore/keystore.controller.go:19.55,19.116 1 0
github.com/ricardoalcantara/min-idp/internal/keystore/keystore.routes.go:5.82,9.2 3 0
github.com/ricardoalcantara/min-idp/internal/keystore/keystore.service.go:33.141,35.16 2 0
github.com/ricardoalcantara/min-idp/internal/keystore/keystore.service.go:35.16,37.3 1 0
github.com/ricardoalcantara/min-idp/internal/keystore/keystore.service.go:39.2,48.44 2 0
github.com/ricardoalcantara/min-idp/internal/keystore/keystore.service.go:48.44,49.99 1 0
github.com/ricardoalcantara/min-idp/internal/keystore/keystore.service.go:49.99,50.49 1 0
github.com/ricardoalcantara/min-idp/internal/keystore/keystore.service.go:50.49,52.6 1 0
github.com/ricardoalcantara/min-idp/internal/keystore/keystore.service.go:54.4,54.14 1 0
github.com/ricardoalcantara/min-idp/internal/keystore/keystore.service.go:58.2,58.16 1 0
github.com/ricardoalcantara/min-idp/internal/keystore/keystore.service.go:61.101,63.16 2 0
github.com/ricardoalcantara/min-idp/internal/keystore/keystore.service.go:63.16,65.3 1 0
github.com/ricardoalcantara/min-idp/internal/keystore/keystore.service.go:66.2,66.49 1 0
github.com/ricardoalcantara/min-idp/internal/keystore/keystore.service.go:69.139,73.9 4 0
github.com/ricardoalcantara/min-idp/internal/keystore/keystore.service.go:73.9,75.3 1 0
github.com/ricardoalcantara/min-idp/internal/keystore/keystore.service.go:76.2,76.36 1 0
github.com/ricardoalcantara/min-idp/internal/keystore/keystore.service.go:79.116,83.39 4 0
github.com/ricardoalcantara/min-idp/internal/keystore/keystore.service.go:83.39,85.3 1 0
github.com/ricardoalcantara/min-idp/internal/keystore/keystore.service.go:86.2,86.41 1 0
github.com/ricardoalcantara/min-idp/internal/keystore/keystore.service.go:86.41,88.3 1 0
github.com/ricardoalcantara/min-idp/internal/keystore/keystore.service.go:89.2,89.18 1 0
github.com/ricardoalcantara/min-idp/internal/keystore/keystore.service.go:92.100,94.2 1 0
github.com/ricardoalcantara/min-idp/internal/keystore/keystore.service.go:96.120,97.67 1 0
github.com/ricardoalcantara/min-idp/internal/keystore/keystore.service.go:97.67,98.113 1 0
github.com/ricardoalcantara/min-idp/internal/keystore/keystore.service.go:98.113,100.4 1 0
github.com/ricardoalcantara/min-idp/internal/keystore/keystore.service.go:102.2,102.52 1 0
github.com/ricardoalcantara/min-idp/internal/keystore/keystore.service.go:102.52,104.3 1 0
github.com/ricardoalcantara/min-idp/internal/keystore/keystore.service.go:105.2,105.33 1 0
github.com/ricardoalcantara/min-idp/internal/keystore/keystore.service.go:108.79,110.16 2 0
github.com/ricardoalcantara/min-idp/internal/keystore/keystore.service.go:110.16,112.3 1 0
github.com/ricardoalcantara/min-idp/internal/keystore/keystore.service.go:113.2,117.25 5 0
github.com/ricardoalcantara/min-idp/internal/keystore/keystore.service.go:117.25,119.17 2 0
github.com/ricardoalcantara/min-idp/internal/keystore/keystore.service.go:119.17,121.12 2 0
github.com/ricardoalcantara/min-idp/internal/keystore/keystore.service.go:123.3,124.19 2 0
github.com/ricardoalcantara/min-idp/internal/keystore/keystore.service.go:125.39,126.28 1 0
github.com/ricardoalcantara/min-idp/internal/keystore/keystore.service.go:127.41,128.30 1 0
github.com/ricardoalcantara/min-idp/internal/keystore/keystore.service.go:131.2,131.12 1 0
github.com/ricardoalcantara/min-idp/internal/keystore/module.go:9.30,13.2 3 0
github.com/ricardoalcantara/min-idp/internal/keystore/repositories/key.repository.go:17.52,19.2 1 0
github.com/ricardoalcantara/min-idp/internal/keystore/repositories/key.repository.go:21.94,23.2 1 0
github.com/ricardoalcantara/min-idp/internal/keystore/repositories/key.repository.go:25.112,30.46 3 0
github.com/ricardoalcantara/min-idp/internal/keystore/repositories/key.repository.go:30.46,32.3 1 0
github.com/ricardoalcantara/min-idp/internal/keystore/repositories/key.repository.go:33.2,33.18 1 0
github.com/ricardoalcantara/min-idp/internal/keystore/repositories/key.repository.go:36.118,42.2 3 0
github.com/ricardoalcantara/min-idp/internal/keystore/repositories/key.repository.go:44.100,46.47 2 0
github.com/ricardoalcantara/min-idp/internal/keystore/repositories/key.repository.go:46.47,48.3 1 0
github.com/ricardoalcantara/min-idp/internal/keystore/repositories/key.repository.go:49.2,50.45 1 0
github.com/ricardoalcantara/min-idp/internal/kvstore/entities/kv_entry.entity.go:12.35,12.56 1 0
github.com/ricardoalcantara/min-idp/internal/protocol/oidc/dto/discovery.dto.go:22.45,41.2 1 0
github.com/ricardoalcantara/min-idp/internal/protocol/oidc/module.go:5.30,8.2 2 0
github.com/ricardoalcantara/min-idp/internal/protocol/oidc/oidc.controller.go:22.82,24.2 1 0
github.com/ricardoalcantara/min-idp/internal/protocol/oidc/oidc.controller.go:26.54,28.2 1 0
github.com/ricardoalcantara/min-idp/internal/protocol/oidc/oidc.controller.go:30.49,32.16 2 0
github.com/ricardoalcantara/min-idp/internal/protocol/oidc/oidc.controller.go:32.16,35.3 2 0
github.com/ricardoalcantara/min-idp/internal/protocol/oidc/oidc.controller.go:36.2,37.25 2 0
github.com/ricardoalcantara/min-idp/internal/protocol/oidc/oidc.controller.go:37.25,39.17 2 0
github.com/ricardoalcantara/min-idp/internal/protocol/oidc/oidc.controller.go:39.17,40.12 1 0
github.com/ricardoalcantara/min-idp/internal/protocol/oidc/oidc.controller.go:42.3,42.27 1 0
github.com/ricardoalcantara/min-idp/internal/protocol/oidc/oidc.controller.go:43.23,44.88 1 0
github.com/ricardoalcantara/min-idp/internal/protocol/oidc/oidc.controller.go:45.25,46.87 1 0
github.com/ricardoalcantara/min-idp/internal/protocol/oidc/oidc.controller.go:49.2,49.31 1 0
github.com/ricardoalcantara/min-idp/internal/protocol/oidc/oidc.controller.go:52.55,52.116 1 0
github.com/ricardoalcantara/min-idp/internal/protocol/oidc/oidc.controller.go:53.56,53.117 1 0
github.com/ricardoalcantara/min-idp/internal/protocol/oidc/oidc.controller.go:54.56,54.117 1 0
github.com/ricardoalcantara/min-idp/internal/protocol/oidc/oidc.controller.go:55.56,55.117 1 0
github.com/ricardoalcantara/min-idp/internal/protocol/oidc/oidc.controller.go:56.56,56.117 1 0
github.com/ricardoalcantara/min-idp/internal/protocol/oidc/oidc.controller.go:57.56,57.117 1 0
github.com/ricardoalcantara/min-idp/internal/protocol/oidc/oidc.routes.go:5.55,18.2 11 0
github.com/ricardoalcantara/min-idp/internal/protocol/saml/module.go:5.30,8.2 2 0
github.com/ricardoalcantara/min-idp/internal/protocol/saml/saml.controller.go:20.82,22.2 1 0
github.com/ricardoalcantara/min-idp/internal/protocol/saml/saml.controller.go:24.53,26.16 2 0
github.com/ricardoalcantara/min-idp/internal/protocol/saml/saml.controller.go:26.16,29.3 2 0
github.com/ricardoalcantara/min-idp/internal/protocol/saml/saml.controller.go:30.2,30.20 1 0
github.com/ricardoalcantara/min-idp/internal/protocol/saml/saml.controller.go:30.20,33.3 2 0
github.com/ricardoalcantara/min-idp/internal/protocol/saml/saml.controller.go:35.2,62.16 9 0
github.com/ricardoalcantara/min-idp/internal/protocol/saml/saml.controller.go:62.16,65.3 2 0
github.com/ricardoalcantara/min-idp/internal/protocol/saml/saml.controller.go:66.2,66.93 1 0
github.com/ricardoalcantara/min-idp/internal/protocol/saml/saml.controller.go:69.48,69.109 1 0
github.com/ricardoalcantara/min-idp/internal/protocol/saml/saml.controller.go:70.48,70.109 1 0
github.com/ricardoalcantara/min-idp/internal/protocol/saml/saml.routes.go:5.55,12.2 6 0
github.com/ricardoalcantara/min-idp/internal/rbac/module.go:9.30,18.2 5 0
github.com/ricardoalcantara/min-idp/internal/rbac/rbac.controller.go:14.62,16.2 1 0
github.com/ricardoalcantara/min-idp/internal/rbac/rbac.controller.go:18.32,20.2 1 0
github.com/ricardoalcantara/min-idp/internal/rbac/rbac.controller.go:22.60,22.76 1 0
github.com/ricardoalcantara/min-idp/internal/rbac/rbac.controller.go:23.61,23.77 1 0
github.com/ricardoalcantara/min-idp/internal/rbac/rbac.controller.go:24.61,24.77 1 0
github.com/ricardoalcantara/min-idp/internal/rbac/rbac.controller.go:25.61,25.77 1 0
github.com/ricardoalcantara/min-idp/internal/rbac/rbac.controller.go:26.61,26.77 1 0
github.com/ricardoalcantara/min-idp/internal/rbac/rbac.controller.go:27.61,27.77 1 0
github.com/ricardoalcantara/min-idp/internal/rbac/rbac.controller.go:28.61,28.77 1 0
github.com/ricardoalcantara/min-idp/internal/rbac/rbac.controller.go:29.61,29.77 1 0
github.com/ricardoalcantara/min-idp/internal/rbac/rbac.group.controller.go:15.83,17.2 1 0
github.com/ricardoalcantara/min-idp/internal/rbac/rbac.group.controller.go:19.52,19.113 1 0
github.com/ricardoalcantara/min-idp/internal/rbac/rbac.group.controller.go:20.53,20.114 1 0
github.com/ricardoalcantara/min-idp/internal/rbac/rbac.group.controller.go:21.53,21.114 1 0
github.com/ricardoalcantara/min-idp/internal/rbac/rbac.group.controller.go:22.53,22.114 1 0
github.com/ricardoalcantara/min-idp/internal/rbac/rbac.group.controller.go:23.53,23.114 1 0
github.com/ricardoalcantara/min-idp/internal/rbac/rbac.group.routes.go:5.84,12.2 6 0
github.com/ricardoalcantara/min-idp/internal/rbac/rbac.middleware.go:11.75,12.30 1 0
github.com/ricardoalcantara/min-idp/internal/rbac/rbac.middleware.go:12.30,14.18 2 0
github.com/ricardoalcantara/min-idp/internal/rbac/rbac.middleware.go:14.18,17.4 2 0
github.com/ricardoalcantara/min-idp/internal/rbac/rbac.middleware.go:18.3,19.24 2 0
github.com/ricardoalcantara/min-idp/internal/rbac/rbac.middleware.go:19.24,22.4 2 0
github.com/ricardoalcantara/min-idp/internal/rbac/rbac.middleware.go:23.3,23.11 1 0
github.com/ricardoalcantara/min-idp/internal/rbac/rbac.routes.go:5.78,15.2 9 0
github.com/ricardoalcantara/min-idp/internal/rbac/rbac.service.go:19.55,21.2 1 5
github.com/ricardoalcantara/min-idp/internal/rbac/rbac.service.go:23.102,26.2 2 2
github.com/ricardoalcantara/min-idp/internal/rbac/rbac.service.go:28.80,30.2 1 0
github.com/ricardoalcantara/min-idp/internal/rbac/rbac.service.go:32.74,34.2 1 0
github.com/ricardoalcantara/min-idp/internal/rbac/rbac.service.go:36.88,39.2 2 0
github.com/ricardoalcantara/min-idp/internal/rbac/rbac.service.go:41.73,43.2 1 0
github.com/ricardoalcantara/min-idp/internal/rbac/rbac.service.go:45.67,47.2 1 0
github.com/ricardoalcantara/min-idp/internal/rbac/rbac.service.go:49.87,51.2 1 3
github.com/ricardoalcantara/min-idp/internal/rbac/repositories/group.repository.go:13.55,15.2 1 0
github.com/ricardoalcantara/min-idp/internal/rbac/repositories/rbac.repository.go:12.53,14.2 1 0
github.com/ricardoalcantara/min-idp/internal/rbac/repositories/rbac.repository.go:16.69,18.2 1 0
github.com/ricardoalcantara/min-idp/internal/rbac/repositories/rbac.repository.go:20.83,23.2 2 0
github.com/ricardoalcantara/min-idp/internal/rbac/repositories/rbac.repository.go:25.77,28.2 2 0
github.com/ricardoalcantara/min-idp/internal/rbac/repositories/rbac.repository.go:30.68,33.2 2 0
github.com/ricardoalcantara/min-idp/internal/rbac/repositories/rbac.repository.go:35.81,37.2 1 0
github.com/ricardoalcantara/min-idp/internal/rbac/repositories/rbac.repository.go:39.76,42.2 1 0
github.com/ricardoalcantara/min-idp/internal/rbac/repositories/rbac.repository.go:44.70,47.2 1 0
github.com/ricardoalcantara/min-idp/internal/rbac/repositories/rbac.repository.go:49.90,57.2 3 0
github.com/ricardoalcantara/min-idp/internal/rbac/entities/rbac.entity.go:48.43,48.67 1 0
github.com/ricardoalcantara/min-idp/internal/session/module.go:9.30,15.2 2 0
github.com/ricardoalcantara/min-idp/internal/session/session.middleware.go:14.72,15.30 1 0
github.com/ricardoalcantara/min-idp/internal/session/session.middleware.go:15.30,17.33 2 0
github.com/ricardoalcantara/min-idp/internal/session/session.middleware.go:17.33,18.72 1 0
github.com/ricardoalcantara/min-idp/internal/session/session.middleware.go:18.72,23.5 2 0
github.com/ricardoalcantara/min-idp/internal/session/session.middleware.go:25.3,25.11 1 0
github.com/ricardoalcantara/min-idp/internal/session/session.middleware.go:29.39,30.30 1 0
github.com/ricardoalcantara/min-idp/internal/session/session.middleware.go:30.30,31.45 1 0
github.com/ricardoalcantara/min-idp/internal/session/session.middleware.go:31.45,34.4 2 0
github.com/ricardoalcantara/min-idp/internal/session/session.middleware.go:35.3,35.11 1 0
github.com/ricardoalcantara/min-idp/internal/session/session.middleware.go:39.60,43.2 3 0
github.com/ricardoalcantara/min-idp/internal/session/session.service.go:27.84,29.2 1 6
github.com/ricardoalcantara/min-idp/internal/session/session.service.go:31.117,40.44 3 2
github.com/ricardoalcantara/min-idp/internal/session/session.service.go:40.44,42.3 1 1
github.com/ricardoalcantara/min-idp/internal/session/session.service.go:43.2,43.18 1 1
github.com/ricardoalcantara/min-idp/internal/session/session.service.go:46.112,48.2 1 0
github.com/ricardoalcantara/min-idp/internal/session/session.service.go:50.111,52.16 2 4
github.com/ricardoalcantara/min-idp/internal/session/session.service.go:52.16,54.3 1 1
github.com/ricardoalcantara/min-idp/internal/session/session.service.go:55.2,55.21 1 3
github.com/ricardoalcantara/min-idp/internal/session/session.service.go:55.21,57.3 1 2
github.com/ricardoalcantara/min-idp/internal/session/session.service.go:58.2,59.18 2 1
github.com/ricardoalcantara/min-idp/internal/session/session.service.go:62.69,64.2 1 0
github.com/ricardoalcantara/min-idp/internal/session/session.service.go:66.76,68.2 1 0
github.com/ricardoalcantara/min-idp/internal/session/session.service.go:70.92,72.2 1 0
github.com/ricardoalcantara/min-idp/internal/session/session.service.go:74.101,76.2 1 0
github.com/ricardoalcantara/min-idp/internal/session/entities/session.entity.go:20.34,22.2 1 0
github.com/ricardoalcantara/min-idp/internal/session/dto/session.dto.go:18.60,27.2 1 0
github.com/ricardoalcantara/min-idp/internal/session/repositories/session.repository.go:19.60,21.2 1 0
github.com/ricardoalcantara/min-idp/internal/session/repositories/session.repository.go:23.88,25.46 2 0
github.com/ricardoalcantara/min-idp/internal/session/repositories/session.repository.go:25.46,27.3 1 0
github.com/ricardoalcantara/min-idp/internal/session/repositories/session.repository.go:28.2,28.15 1 0
github.com/ricardoalcantara/min-idp/internal/session/repositories/session.repository.go:31.97,33.2 1 0
github.com/ricardoalcantara/min-idp/internal/session/repositories/session.repository.go:35.72,38.2 1 0
github.com/ricardoalcantara/min-idp/internal/session/repositories/session.repository.go:40.79,44.2 1 0
github.com/ricardoalcantara/min-idp/internal/session/repositories/session.repository.go:46.95,50.2 1 0
github.com/ricardoalcantara/min-idp/internal/session/repositories/session.repository.go:52.71,55.2 1 0
github.com/ricardoalcantara/min-idp/internal/sp/module.go:9.30,16.2 3 0
github.com/ricardoalcantara/min-idp/internal/sp/sp.controller.go:14.56,16.2 1 0
github.com/ricardoalcantara/min-idp/internal/sp/sp.controller.go:18.32,20.2 1 0
github.com/ricardoalcantara/min-idp/internal/sp/sp.controller.go:22.52,22.68 1 0
github.com/ricardoalcantara/min-idp/internal/sp/sp.controller.go:23.53,23.69 1 0
github.com/ricardoalcantara/min-idp/internal/sp/sp.controller.go:24.53,24.69 1 0
github.com/ricardoalcantara/min-idp/internal/sp/sp.controller.go:25.53,25.69 1 0
github.com/ricardoalcantara/min-idp/internal/sp/sp.controller.go:26.53,26.69 1 0
github.com/ricardoalcantara/min-idp/internal/sp/sp.controller.go:27.53,27.69 1 0
github.com/ricardoalcantara/min-idp/internal/sp/sp.controller.go:28.53,28.69 1 0
github.com/ricardoalcantara/min-idp/internal/sp/sp.controller.go:29.53,29.69 1 0
github.com/ricardoalcantara/min-idp/internal/sp/sp.controller.go:30.53,30.69 1 0
github.com/ricardoalcantara/min-idp/internal/sp/sp.controller.go:31.53,31.69 1 0
github.com/ricardoalcantara/min-idp/internal/sp/sp.controller.go:32.53,32.69 1 0
github.com/ricardoalcantara/min-idp/internal/sp/sp.controller.go:33.53,33.69 1 0
github.com/ricardoalcantara/min-idp/internal/sp/sp.routes.go:5.76,19.2 13 0
github.com/ricardoalcantara/min-idp/internal/sp/sp.service.go:19.49,21.2 1 6
github.com/ricardoalcantara/min-idp/internal/sp/sp.service.go:23.95,31.2 2 2
github.com/ricardoalcantara/min-idp/internal/sp/sp.service.go:33.81,35.2 1 2
github.com/ricardoalcantara/min-idp/internal/sp/sp.service.go:37.83,39.2 1 0
github.com/ricardoalcantara/min-idp/internal/sp/sp.service.go:41.67,43.2 1 2
github.com/ricardoalcantara/min-idp/internal/sp/repositories/sp.repository.go:17.50,19.2 1 0
github.com/ricardoalcantara/min-idp/internal/sp/repositories/sp.repository.go:21.86,23.46 2 0
github.com/ricardoalcantara/min-idp/internal/sp/repositories/sp.repository.go:23.46,25.3 1 0
github.com/ricardoalcantara/min-idp/internal/sp/repositories/sp.repository.go:26.2,26.15 1 0
github.com/ricardoalcantara/min-idp/internal/sp/repositories/sp.repository.go:29.86,31.46 2 0
github.com/ricardoalcantara/min-idp/internal/sp/repositories/sp.repository.go:31.46,33.3 1 0
github.com/ricardoalcantara/min-idp/internal/sp/repositories/sp.repository.go:34.2,34.15 1 0
github.com/ricardoalcantara/min-idp/internal/sp/repositories/sp.repository.go:37.98,40.46 3 0
github.com/ricardoalcantara/min-idp/internal/sp/repositories/sp.repository.go:40.46,42.3 1 0
github.com/ricardoalcantara/min-idp/internal/sp/repositories/sp.repository.go:43.2,43.16 1 0
github.com/ricardoalcantara/min-idp/internal/sp/repositories/sp.repository.go:46.98,49.46 3 0
github.com/ricardoalcantara/min-idp/internal/sp/repositories/sp.repository.go:49.46,51.3 1 0
github.com/ricardoalcantara/min-idp/internal/sp/repositories/sp.repository.go:52.2,52.16 1 0
github.com/ricardoalcantara/min-idp/internal/storage/db.go:26.40,29.27 2 0
github.com/ricardoalcantara/min-idp/internal/storage/db.go:30.27,31.42 1 0
github.com/ricardoalcantara/min-idp/internal/storage/db.go:32.15,33.41 1 0
github.com/ricardoalcantara/min-idp/internal/storage/db.go:34.32,35.44 1 0
github.com/ricardoalcantara/min-idp/internal/storage/db.go:36.10,37.81 1 0
github.com/ricardoalcantara/min-idp/internal/storage/db.go:40.2,43.16 2 0
github.com/ricardoalcantara/min-idp/internal/storage/db.go:43.16,45.3 1 0
github.com/ricardoalcantara/min-idp/internal/storage/db.go:47.2,47.69 1 0
github.com/ricardoalcantara/min-idp/internal/storage/db.go:47.69,48.66 1 0
github.com/ricardoalcantara/min-idp/internal/storage/db.go:48.66,50.4 1 0
github.com/ricardoalcantara/min-idp/internal/storage/db.go:51.3,51.65 1 0
github.com/ricardoalcantara/min-idp/internal/storage/db.go:51.65,53.4 1 0
github.com/ricardoalcantara/min-idp/internal/storage/db.go:56.2,57.41 1 0
github.com/ricardoalcantara/min-idp/internal/storage/db.go:57.41,60.18 3 0
github.com/ricardoalcantara/min-idp/internal/storage/db.go:60.18,62.5 1 0
github.com/ricardoalcantara/min-idp/internal/storage/db.go:63.4,63.24 1 0
github.com/ricardoalcantara/min-idp/internal/storage/db.go:67.2,67.16 1 0
github.com/ricardoalcantara/min-idp/internal/storage/module.go:5.25,9.2 1 0
github.com/ricardoalcantara/min-idp/internal/users/repositories/user.repository.go:16.54,18.2 1 0
github.com/ricardoalcantara/min-idp/internal/users/repositories/user.repository.go:20.81,22.46 2 0
github.com/ricardoalcantara/min-idp/internal/users/repositories/user.repository.go:22.46,24.3 1 0
github.com/ricardoalcantara/min-idp/internal/users/repositories/user.repository.go:25.2,25.15 1 0
github.com/ricardoalcantara/min-idp/internal/users/repositories/user.repository.go:28.79,30.46 2 0
github.com/ricardoalcantara/min-idp/internal/users/repositories/user.repository.go:30.46,32.3 1 0
github.com/ricardoalcantara/min-idp/internal/users/repositories/user.repository.go:33.2,33.15 1 0
github.com/ricardoalcantara/min-idp/internal/users/dto/user.dto.go:11.48,17.2 1 0
github.com/ricardoalcantara/min-idp/internal/users/me.controller.go:20.94,22.2 1 0
github.com/ricardoalcantara/min-idp/internal/users/me.controller.go:24.45,27.16 3 0
github.com/ricardoalcantara/min-idp/internal/users/me.controller.go:27.16,28.43 1 0
github.com/ricardoalcantara/min-idp/internal/users/me.controller.go:28.43,31.4 2 0
github.com/ricardoalcantara/min-idp/internal/users/me.controller.go:32.3,33.9 2 0
github.com/ricardoalcantara/min-idp/internal/users/me.controller.go:35.2,35.49 1 0
github.com/ricardoalcantara/min-idp/internal/users/me.controller.go:38.49,40.2 1 0
github.com/ricardoalcantara/min-idp/internal/users/me.controller.go:42.51,45.16 3 0
github.com/ricardoalcantara/min-idp/internal/users/me.controller.go:45.16,48.3 2 0
github.com/ricardoalcantara/min-idp/internal/users/me.controller.go:49.2,50.26 2 0
github.com/ricardoalcantara/min-idp/internal/users/me.controller.go:50.26,52.3 1 0
github.com/ricardoalcantara/min-idp/internal/users/me.controller.go:53.2,53.31 1 0
github.com/ricardoalcantara/min-idp/internal/users/me.controller.go:56.60,58.98 2 0
github.com/ricardoalcantara/min-idp/internal/users/me.controller.go:58.98,61.3 2 0
github.com/ricardoalcantara/min-idp/internal/users/me.controller.go:62.2,62.34 1 0
github.com/ricardoalcantara/min-idp/internal/users/me.controller.go:65.56,67.2 1 0
github.com/ricardoalcantara/min-idp/internal/users/me.routes.go:9.111,16.2 6 0
github.com/ricardoalcantara/min-idp/internal/users/module.go:9.30,17.2 4 0
github.com/ricardoalcantara/min-idp/internal/users/user.controller.go:14.62,16.2 1 0
github.com/ricardoalcantara/min-idp/internal/users/user.controller.go:18.32,20.2 1 0
github.com/ricardoalcantara/min-idp/internal/users/user.controller.go:22.57,22.73 1 0
github.com/ricardoalcantara/min-idp/internal/users/user.controller.go:23.58,23.74 1 0
github.com/ricardoalcantara/min-idp/internal/users/user.controller.go:24.58,24.74 1 0
github.com/ricardoalcantara/min-idp/internal/users/user.controller.go:25.58,25.74 1 0
github.com/ricardoalcantara/min-idp/internal/users/user.controller.go:26.58,26.74 1 0
github.com/ricardoalcantara/min-idp/internal/users/user.controller.go:27.58,27.74 1 0
github.com/ricardoalcantara/min-idp/internal/users/user.controller.go:28.58,28.74 1 0
github.com/ricardoalcantara/min-idp/internal/users/user.controller.go:29.58,29.74 1 0
github.com/ricardoalcantara/min-idp/internal/users/user.controller.go:30.58,30.74 1 0
github.com/ricardoalcantara/min-idp/internal/users/user.controller.go:31.58,31.74 1 0
github.com/ricardoalcantara/min-idp/internal/users/user.controller.go:32.58,32.74 1 0
github.com/ricardoalcantara/min-idp/internal/users/user.controller.go:33.58,33.74 1 0
github.com/ricardoalcantara/min-idp/internal/users/user.controller.go:34.58,34.74 1 0
github.com/ricardoalcantara/min-idp/internal/users/user.routes.go:5.82,20.2 14 0
github.com/ricardoalcantara/min-idp/internal/users/user.service.go:26.55,28.2 1 7
github.com/ricardoalcantara/min-idp/internal/users/user.service.go:30.83,32.16 2 2
github.com/ricardoalcantara/min-idp/internal/users/user.service.go:32.16,34.3 1 0
github.com/ricardoalcantara/min-idp/internal/users/user.service.go:35.2,40.41 2 2
github.com/ricardoalcantara/min-idp/internal/users/user.service.go:40.41,42.3 1 1
github.com/ricardoalcantara/min-idp/internal/users/user.service.go:43.2,43.15 1 1
github.com/ricardoalcantara/min-idp/internal/users/user.service.go:46.70,48.2 1 0
github.com/ricardoalcantara/min-idp/internal/users/user.service.go:50.74,52.2 1 0
github.com/ricardoalcantara/min-idp/internal/users/user.service.go:54.78,56.2 1 0
github.com/ricardoalcantara/min-idp/internal/users/user.service.go:58.89,60.16 2 5
github.com/ricardoalcantara/min-idp/internal/users/user.service.go:60.16,61.34 1 2
github.com/ricardoalcantara/min-idp/internal/users/user.service.go:61.34,63.4 1 1
github.com/ricardoalcantara/min-idp/internal/users/user.service.go:64.3,64.18 1 1
github.com/ricardoalcantara/min-idp/internal/users/user.service.go:66.2,66.26 1 3
github.com/ricardoalcantara/min-idp/internal/users/user.service.go:66.26,68.3 1 1
github.com/ricardoalcantara/min-idp/internal/users/user.service.go:69.2,69.72 1 2
github.com/ricardoalcantara/min-idp/internal/users/user.service.go:69.72,71.3 1 1
github.com/ricardoalcantara/min-idp/internal/users/user.service.go:72.2,72.15 1 1
github.com/ricardoalcantara/min-idp/internal/users/user.service.go:75.77,77.16 2 0
github.com/ricardoalcantara/min-idp/internal/users/user.service.go:77.16,79.3 1 0
github.com/ricardoalcantara/min-idp/internal/users/user.service.go:80.2,81.16 2 0
github.com/ricardoalcantara/min-idp/internal/users/user.service.go:81.16,83.3 1 0
github.com/ricardoalcantara/min-idp/internal/users/user.service.go:84.2,85.25 2 0
